DEBUG 2024-02-05 05:20:58.704 UTC: 	 CRAB Client version: v3.240110
DEBUG 2024-02-05 05:20:58.704 UTC: 	 Running on: Linux cms01.knu.ac.kr 3.10.0-1160.105.1.el7.x86_64 #1 SMP Thu Dec 7 15:39:45 UTC 2023 x86_64 x86_64 x86_64 GNU/Linux - CentOS Linux 7 (Core)
DEBUG 2024-02-05 05:20:58.704 UTC: 	 Executing command: 'submit'
DEBUG 2024-02-05 05:20:58.705 UTC: 	 Found CRAB cache file /u/user/sha/.crab3
INFO 2024-02-05 05:20:58.706 UTC: 	 Will use CRAB configuration file crab3Confg_v3.py
DEBUG 2024-02-05 05:20:58.706 UTC: 	 Loading CRAB configuration file.
DEBUG 2024-02-05 05:20:58.708 UTC: 	 Will use CRAB plugin ANALYSIS (i.e. will run an analysis job type).
DEBUG 2024-02-05 05:20:58.714 UTC: 	 Checking credentials
DEBUG 2024-02-05 05:20:58.714 UTC: 	 Found proxy file /u/user/sha/proxy.cert
DEBUG 2024-02-05 05:20:58.714 UTC: 	 Making sure it has proper VOMS extension
DEBUG 2024-02-05 05:20:58.714 UTC: 	 Executing command :
 voms-proxy-info --vo --file /u/user/sha/proxy.cert
DEBUG 2024-02-05 05:20:58.752 UTC: 	 output : cms

 error: 
 retcode : 0
DEBUG 2024-02-05 05:20:58.753 UTC: 	 Getting proxy life time left
DEBUG 2024-02-05 05:20:58.753 UTC: 	 Executing command :
 voms-proxy-info --actimeleft --timeleft --file /u/user/sha/proxy.cert
DEBUG 2024-02-05 05:20:58.789 UTC: 	 output : 43053
43053

 error: 
 retcode : 0
DEBUG 2024-02-05 05:20:58.790 UTC: 	 Proxy valid for 11:57:33 hours
DEBUG 2024-02-05 05:20:58.790 UTC: 	 Encoded data for curl request: subresource=delegatedn
DEBUG 2024-02-05 05:21:00.139 UTC: 	 Registering user credentials on myproxy for /DC=ch/DC=cern/OU=computers/CN=crab-(preprod|prod|dev)-tw(01|02|03).cern.ch|/DC=ch/DC=cern/OU=computers/CN=stefanov(m|m2).cern.ch|/DC=ch/DC=cern/OU=computers/CN=dciangot-tw.cern.ch
DEBUG 2024-02-05 05:21:00.140 UTC: 	 Executing command :
 voms-proxy-info --identity --file /u/user/sha/proxy.cert
DEBUG 2024-02-05 05:21:00.182 UTC: 	 output : /DC=ch/DC=cern/OU=Organic Units/OU=Users/CN=sha/CN=728175/CN=Seungkyu Ha

 error: 
 retcode : 0
DEBUG 2024-02-05 05:21:00.183 UTC: 	 Getting myproxy life time left for d7177be87781b13fd494d875371b6bc32ea7a2fa
DEBUG 2024-02-05 05:21:00.183 UTC: 	 Executing command :
 myproxy-info -s myproxy.cern.ch -l d7177be87781b13fd494d875371b6bc32ea7a2fa
DEBUG 2024-02-05 05:21:01.759 UTC: 	 output : username: d7177be87781b13fd494d875371b6bc32ea7a2fa
owner: /DC=ch/DC=cern/OU=Organic Units/OU=Users/CN=sha/CN=728175/CN=Seungkyu Ha
  renewal policy: /DC=ch/DC=cern/OU=computers/CN=crab-(preprod|prod|dev)-tw(01|02|03).cern.ch|/DC=ch/DC=cern/OU=computers/CN=stefanov(m|m2).cern.ch|/DC=ch/DC=cern/OU=computers/CN=dciangot-tw.cern.ch
  trusted retrieval policy: /DC=ch/DC=cern/OU=computers/CN=crab-(preprod|prod|dev)-tw(01|02|03).cern.ch|/DC=ch/DC=cern/OU=computers/CN=stefanov(m|m2).cern.ch|/DC=ch/DC=cern/OU=computers/CN=dciangot-tw.cern.ch
  timeleft: 0:00:00

 error: 
 retcode : 0
DEBUG 2024-02-05 05:21:01.760 UTC: 	 Myproxy is valid: 0
DEBUG 2024-02-05 05:21:01.760 UTC: 	 Executing command :
 openssl x509 -noout -dates -in ~/.globus/usercert.pem
DEBUG 2024-02-05 05:21:01.788 UTC: 	 output : notBefore=Apr  4 01:30:43 2023 GMT
notAfter=May  8 01:30:43 2024 GMT

 error: 
 retcode : 0
DEBUG 2024-02-05 05:21:01.795 UTC: 	 Delegating a myproxy for 720:00 hours
DEBUG 2024-02-05 05:21:01.795 UTC: 	 Executing command :
 export GT_PROXY_MODE=rfc ; myproxy-init -d -n -s myproxy.cern.ch -C ~/.globus/usercert.pem -y ~/.globus/userkey.pem -x -R '/DC=ch/DC=cern/OU=computers/CN=crab-(preprod|prod|dev)-tw(01|02|03).cern.ch|/DC=ch/DC=cern/OU=computers/CN=stefanov(m|m2).cern.ch|/DC=ch/DC=cern/OU=computers/CN=dciangot-tw.cern.ch' -x -Z '/DC=ch/DC=cern/OU=computers/CN=crab-(preprod|prod|dev)-tw(01|02|03).cern.ch|/DC=ch/DC=cern/OU=computers/CN=stefanov(m|m2).cern.ch|/DC=ch/DC=cern/OU=computers/CN=dciangot-tw.cern.ch' -l d7177be87781b13fd494d875371b6bc32ea7a2fa -t 168 -c 720:00
DEBUG 2024-02-05 05:21:06.104 UTC: 	 output : Your identity: /DC=ch/DC=cern/OU=Organic Units/OU=Users/CN=sha/CN=728175/CN=Seungkyu Ha
Creating proxy ................................................................................................. Done
Proxy Verify OK
Your proxy is valid until: Wed Mar  6 14:21:04 2024
A proxy valid for 720 hours (30.0 days) for user d7177be87781b13fd494d875371b6bc32ea7a2fa now exists on myproxy.cern.ch.

 error: 
 retcode : 0
DEBUG 2024-02-05 05:21:06.105 UTC: 	 Executing command :
 myproxy-info -s myproxy.cern.ch -l d7177be87781b13fd494d875371b6bc32ea7a2fa
DEBUG 2024-02-05 05:21:07.674 UTC: 	 output : username: d7177be87781b13fd494d875371b6bc32ea7a2fa
owner: /DC=ch/DC=cern/OU=Organic Units/OU=Users/CN=sha/CN=728175/CN=Seungkyu Ha
  renewal policy: /DC=ch/DC=cern/OU=computers/CN=crab-(preprod|prod|dev)-tw(01|02|03).cern.ch|/DC=ch/DC=cern/OU=computers/CN=stefanov(m|m2).cern.ch|/DC=ch/DC=cern/OU=computers/CN=dciangot-tw.cern.ch
  trusted retrieval policy: /DC=ch/DC=cern/OU=computers/CN=crab-(preprod|prod|dev)-tw(01|02|03).cern.ch|/DC=ch/DC=cern/OU=computers/CN=stefanov(m|m2).cern.ch|/DC=ch/DC=cern/OU=computers/CN=dciangot-tw.cern.ch
  timeleft: 719:59:57  (30.0 days)

 error: 
 retcode : 0
DEBUG 2024-02-05 05:21:07.674 UTC: 	 My-proxy delegated.
DEBUG 2024-02-05 05:21:07.674 UTC: 	 Result of myproxy credential check:
  Credential exists on myproxy: username: d7177be87781b13fd494d875371b6bc32ea7a2fa  - validity: 29 days, 23:59:00
DEBUG 2024-02-05 05:21:07.675 UTC: 	 Command use: submit
DEBUG 2024-02-05 05:21:07.675 UTC: 	 Options use: ['-c', 'crab3Confg_v3.py']
DEBUG 2024-02-05 05:21:07.675 UTC: 	 Encoded data for curl request: subresource=version
DEBUG 2024-02-05 05:21:09.035 UTC: 	 CRABClient version: v3.240110
DEBUG 2024-02-05 05:21:09.035 UTC: 	 Instance is prod
DEBUG 2024-02-05 05:21:09.035 UTC: 	 Server base url is cmsweb.cern.ch
DEBUG 2024-02-05 05:21:09.035 UTC: 	 Command api workflow
DEBUG 2024-02-05 05:21:09.036 UTC: 	 Started submission
DEBUG 2024-02-05 05:21:09.036 UTC: 	 Working on /d0/scratch/sha/Analyses/SSB/MakeNtuples/Run2MiniAOD/v1p2/Develop/forGit/CMSSW_10_6_30/src/CMSAnalyses/SSBAnalyzer/Run2Crab_MC/TTbar_Powheg_DiLep/crab_20240205_142058
DEBUG 2024-02-05 05:21:09.037 UTC: 	 Encoded data for curl request: subresource=backendurls
DEBUG 2024-02-05 05:21:11.257 UTC: 	 Loading required information from the environment
DEBUG 2024-02-05 05:21:11.257 UTC: 	 Found CMSSW_10_6_30 for slc7_amd64_gcc700 with base /d0/scratch/sha/Analyses/SSB/MakeNtuples/Run2MiniAOD/v1p2/Develop/forGit/CMSSW_10_6_30
DEBUG 2024-02-05 05:21:11.257 UTC: 	 Loading required information from the environment
DEBUG 2024-02-05 05:21:11.258 UTC: 	 Found CMSSW_10_6_30 for slc7_amd64_gcc700 with base /d0/scratch/sha/Analyses/SSB/MakeNtuples/Run2MiniAOD/v1p2/Develop/forGit/CMSSW_10_6_30
DEBUG 2024-02-05 05:21:11.258 UTC: 	 UNIQUE NAME: tarUUID f24ec7e0-94c0-43d6-8737-c62f91c75212 
DEBUG 2024-02-05 05:21:11.258 UTC: 	 self.config: from WMCore.Configuration import Configuration
config = Configuration()
config.section_('General')
config.General.transferOutputs = True
config.section_('JobType')
config.JobType.psetName = '../../python/ssbanalyzer_2016_cfg.py'
config.JobType.pluginName = 'Analysis'
config.JobType.outputFiles = ['SSBTree.root']
config.JobType.maxMemoryMB = 5000
config.JobType.allowUndistributedCMSSW = True
config.section_('Data')
config.Data.inputDataset = '/TTTo2L2Nu_TuneCP5_13TeV-powheg-pythia8/RunIISummer20UL16MiniAODAPVv2-106X_mcRun2_asymptotic_preVFP_v11-v1/MINIAODSIM'
config.Data.unitsPerJob = 25000
config.Data.outLFNDirBase = '/store/user/sha/Run2FULL/2016PreVFP/MC/TTTo2L2Nu_TuneCP5_13TeV-powheg-pythia8'
config.Data.publication = False
config.Data.splitting = 'EventAwareLumiBased'
config.section_('Site')
config.Site.storageSite = 'T2_KR_KNU'
config.section_('User')
config.section_('Debug')

DEBUG 2024-02-05 05:21:11.258 UTC: 	 self.config.JobType.psetName: ../../python/ssbanalyzer_2016_cfg.py
INFO 2024-02-05 05:21:11.259 UTC: 	 Importing CMSSW configuration ../../python/ssbanalyzer_2016_cfg.py
INFO 2024-02-05 05:21:15.977 UTC: 	 Finished importing CMSSW configuration ../../python/ssbanalyzer_2016_cfg.py
DEBUG 2024-02-05 05:21:15.977 UTC: 	 Writing CMSSW configuration to /d0/scratch/sha/Analyses/SSB/MakeNtuples/Run2MiniAOD/v1p2/Develop/forGit/CMSSW_10_6_30/src/CMSAnalyses/SSBAnalyzer/Run2Crab_MC/TTbar_Powheg_DiLep/crab_20240205_142058/inputs/PSet.py
DEBUG 2024-02-05 05:21:16.453 UTC: 	 The following EDM output files will be collected: []
DEBUG 2024-02-05 05:21:16.453 UTC: 	 The following TFile output files will be collected: ['SSBTree.root']
DEBUG 2024-02-05 05:21:16.453 UTC: 	 The following user output files (not listed as PoolOuputModule or TFileService in the CMSSW PSet) will be collected: 
DEBUG 2024-02-05 05:21:16.454 UTC: 	 Loading required information from the environment
DEBUG 2024-02-05 05:21:16.454 UTC: 	 Found CMSSW_10_6_30 for slc7_amd64_gcc700 with base /d0/scratch/sha/Analyses/SSB/MakeNtuples/Run2MiniAOD/v1p2/Develop/forGit/CMSSW_10_6_30
DEBUG 2024-02-05 05:21:16.454 UTC: 	 Making tarball in /d0/scratch/sha/Analyses/SSB/MakeNtuples/Run2MiniAOD/v1p2/Develop/forGit/CMSSW_10_6_30/src/CMSAnalyses/SSBAnalyzer/Run2Crab_MC/TTbar_Powheg_DiLep/crab_20240205_142058/inputs/f24ec7e0-94c0-43d6-8737-c62f91c75212default.tgz
DEBUG 2024-02-05 05:21:16.455 UTC: 	 Checking directory /d0/scratch/sha/Analyses/SSB/MakeNtuples/Run2MiniAOD/v1p2/Develop/forGit/CMSSW_10_6_30/bin
DEBUG 2024-02-05 05:21:16.455 UTC: 	 Adding directory /d0/scratch/sha/Analyses/SSB/MakeNtuples/Run2MiniAOD/v1p2/Develop/forGit/CMSSW_10_6_30/bin to tarball
DEBUG 2024-02-05 05:21:16.466 UTC: 	 Checking directory /d0/scratch/sha/Analyses/SSB/MakeNtuples/Run2MiniAOD/v1p2/Develop/forGit/CMSSW_10_6_30/python
DEBUG 2024-02-05 05:21:16.466 UTC: 	 Adding directory /d0/scratch/sha/Analyses/SSB/MakeNtuples/Run2MiniAOD/v1p2/Develop/forGit/CMSSW_10_6_30/python to tarball
DEBUG 2024-02-05 05:21:17.595 UTC: 	 Checking directory /d0/scratch/sha/Analyses/SSB/MakeNtuples/Run2MiniAOD/v1p2/Develop/forGit/CMSSW_10_6_30/cfipython
DEBUG 2024-02-05 05:21:17.596 UTC: 	 Adding directory /d0/scratch/sha/Analyses/SSB/MakeNtuples/Run2MiniAOD/v1p2/Develop/forGit/CMSSW_10_6_30/cfipython to tarball
DEBUG 2024-02-05 05:21:17.629 UTC: 	 Checking directory /d0/scratch/sha/Analyses/SSB/MakeNtuples/Run2MiniAOD/v1p2/Develop/forGit/CMSSW_10_6_30/lib
DEBUG 2024-02-05 05:21:17.629 UTC: 	 Adding directory /d0/scratch/sha/Analyses/SSB/MakeNtuples/Run2MiniAOD/v1p2/Develop/forGit/CMSSW_10_6_30/lib to tarball
DEBUG 2024-02-05 05:21:18.543 UTC: 	 Checking directory /d0/scratch/sha/Analyses/SSB/MakeNtuples/Run2MiniAOD/v1p2/Develop/forGit/CMSSW_10_6_30/biglib
DEBUG 2024-02-05 05:21:18.544 UTC: 	 Adding directory /d0/scratch/sha/Analyses/SSB/MakeNtuples/Run2MiniAOD/v1p2/Develop/forGit/CMSSW_10_6_30/biglib to tarball
DEBUG 2024-02-05 05:21:18.546 UTC: 	 Checking directory /d0/scratch/sha/Analyses/SSB/MakeNtuples/Run2MiniAOD/v1p2/Develop/forGit/CMSSW_10_6_30/module
DEBUG 2024-02-05 05:21:18.546 UTC: 	 Checking directory /d0/scratch/sha/Analyses/SSB/MakeNtuples/Run2MiniAOD/v1p2/Develop/forGit/CMSSW_10_6_30/config/SCRAM/hooks
DEBUG 2024-02-05 05:21:18.547 UTC: 	 Adding directory /d0/scratch/sha/Analyses/SSB/MakeNtuples/Run2MiniAOD/v1p2/Develop/forGit/CMSSW_10_6_30/config/SCRAM/hooks to tarball
DEBUG 2024-02-05 05:21:20.186 UTC: 	 Adding directory /d0/scratch/sha/Analyses/SSB/MakeNtuples/Run2MiniAOD/v1p2/Develop/forGit/CMSSW_10_6_30/src/RecoEgamma/EgammaTools/data to tarball
DEBUG 2024-02-05 05:21:20.233 UTC: 	 Adding directory /d0/scratch/sha/Analyses/SSB/MakeNtuples/Run2MiniAOD/v1p2/Develop/forGit/CMSSW_10_6_30/src/RecoEgamma/EgammaTools/interface to tarball
DEBUG 2024-02-05 05:21:20.465 UTC: 	 Adding directory /d0/scratch/sha/Analyses/SSB/MakeNtuples/Run2MiniAOD/v1p2/Develop/forGit/CMSSW_10_6_30/src/RecoEgamma/EgammaTools/python to tarball
DEBUG 2024-02-05 05:21:20.515 UTC: 	 Adding directory /d0/scratch/sha/Analyses/SSB/MakeNtuples/Run2MiniAOD/v1p2/Develop/forGit/CMSSW_10_6_30/src/EgammaPostRecoTools/python to tarball
DEBUG 2024-02-05 05:21:20.520 UTC: 	 Adding directory /d0/scratch/sha/Analyses/SSB/MakeNtuples/Run2MiniAOD/v1p2/Develop/forGit/CMSSW_10_6_30/src/EgammaAnalysis/ElectronTools/data to tarball
DEBUG 2024-02-05 05:21:22.943 UTC: 	 Adding directory /d0/scratch/sha/Analyses/SSB/MakeNtuples/Run2MiniAOD/v1p2/Develop/forGit/CMSSW_10_6_30/src/EgammaAnalysis/ElectronTools/interface to tarball
DEBUG 2024-02-05 05:21:23.041 UTC: 	 Adding directory /d0/scratch/sha/Analyses/SSB/MakeNtuples/Run2MiniAOD/v1p2/Develop/forGit/CMSSW_10_6_30/src/EgammaAnalysis/ElectronTools/python to tarball
DEBUG 2024-02-05 05:21:23.325 UTC: 	 Adding directory /d0/scratch/sha/Analyses/SSB/MakeNtuples/Run2MiniAOD/v1p2/Develop/forGit/CMSSW_10_6_30/src/CMSAnalyses/SSBAnalyzer/python to tarball
DEBUG 2024-02-05 05:21:23.686 UTC: 	 Adding directory /d0/scratch/sha/Analyses/SSB/MakeNtuples/Run2MiniAOD/v1p2/Develop/forGit/CMSSW_10_6_30/src/CMSAnalyses/SSBAnalyzer/data to tarball
DEBUG 2024-02-05 05:26:17.142 UTC: 	 Uploading archive /d0/scratch/sha/Analyses/SSB/MakeNtuples/Run2MiniAOD/v1p2/Develop/forGit/CMSSW_10_6_30/src/CMSAnalyses/SSBAnalyzer/Run2Crab_MC/TTbar_Powheg_DiLep/crab_20240205_142058/inputs/f24ec7e0-94c0-43d6-8737-c62f91c75212default.tgz (71 MB) to the CRAB cache. Using URI https://cmsweb.cern.ch/S3/crabcache_prod
DEBUG 2024-02-05 05:27:28.101 UTC: 	 Encoded data for curl request: tarballname=c9bb3be304c587f41725f514d00f2853fea4a880c1ba8f67a21c171e4463a7a5.tar.gz&subresource=upload&objecttype=sandbox
DEBUG 2024-02-05 05:27:29.538 UTC: 	 Will execute:
curl -f -v -X POST  -H "User-Agent: CRAB" -F "key=sha/sandboxes/c9bb3be304c587f41725f514d00f2853fea4a880c1ba8f67a21c171e4463a7a5.tar.gz" -F "AWSAccessKeyId=ab00fcc889f248c495d2875f15a3badb" -F "policy=eyJleHBpcmF0aW9uIjogIjIwMjQtMDItMDVUMDY6Mjc6MjlaIiwgImNvbmRpdGlvbnMiOiBbeyJidWNrZXQiOiAiY3JhYmNhY2hlX3Byb2QifSwgeyJrZXkiOiAic2hhL3NhbmRib3hlcy9jOWJiM2JlMzA0YzU4N2Y0MTcyNWY1MTRkMDBmMjg1M2ZlYTRhODgwYzFiYThmNjdhMjFjMTcxZTQ0NjNhN2E1LnRhci5neiJ9XX0=" -F "signature=TRLJzg6rTYgHg9KIqDqP8ROd1JU=" -F "file=@/d0/scratch/sha/Analyses/SSB/MakeNtuples/Run2MiniAOD/v1p2/Develop/forGit/CMSSW_10_6_30/src/CMSAnalyses/SSBAnalyzer/Run2Crab_MC/TTbar_Powheg_DiLep/crab_20240205_142058/inputs/f24ec7e0-94c0-43d6-8737-c62f91c75212default.tgz" "https://s3.cern.ch/crabcache_prod"
DEBUG 2024-02-05 05:27:42.259 UTC: 	 exitcode: 0
stdout: 
DEBUG 2024-02-05 05:27:42.259 UTC: 	 sandbox /d0/scratch/sha/Analyses/SSB/MakeNtuples/Run2MiniAOD/v1p2/Develop/forGit/CMSSW_10_6_30/src/CMSAnalyses/SSBAnalyzer/Run2Crab_MC/TTbar_Powheg_DiLep/crab_20240205_142058/inputs/f24ec7e0-94c0-43d6-8737-c62f91c75212default.tgz successully uploaded to S3
DEBUG 2024-02-05 05:27:42.260 UTC: 	 Loading required information from the environment
DEBUG 2024-02-05 05:27:42.260 UTC: 	 Found CMSSW_10_6_30 for slc7_amd64_gcc700 with base /d0/scratch/sha/Analyses/SSB/MakeNtuples/Run2MiniAOD/v1p2/Develop/forGit/CMSSW_10_6_30
DEBUG 2024-02-05 05:27:42.260 UTC: 	 Making tarball in /d0/scratch/sha/Analyses/SSB/MakeNtuples/Run2MiniAOD/v1p2/Develop/forGit/CMSSW_10_6_30/src/CMSAnalyses/SSBAnalyzer/Run2Crab_MC/TTbar_Powheg_DiLep/crab_20240205_142058/inputs/debugFiles.tgz
DEBUG 2024-02-05 05:27:42.280 UTC: 	 Uploading archive /d0/scratch/sha/Analyses/SSB/MakeNtuples/Run2MiniAOD/v1p2/Develop/forGit/CMSSW_10_6_30/src/CMSAnalyses/SSBAnalyzer/Run2Crab_MC/TTbar_Powheg_DiLep/crab_20240205_142058/inputs/debugFiles.tgz (5 KB) to the CRAB cache. Using URI https://cmsweb.cern.ch/S3/crabcache_prod
DEBUG 2024-02-05 05:27:42.285 UTC: 	 Encoded data for curl request: tarballname=5bb4b4ad92ad159a142b6d6a703c51c6d6c4ae4174cb884405361578726b31f3.tar.gz&subresource=upload&objecttype=sandbox
DEBUG 2024-02-05 05:27:43.664 UTC: 	 Will execute:
curl -f -v -X POST  -H "User-Agent: CRAB" -F "key=sha/sandboxes/5bb4b4ad92ad159a142b6d6a703c51c6d6c4ae4174cb884405361578726b31f3.tar.gz" -F "AWSAccessKeyId=ab00fcc889f248c495d2875f15a3badb" -F "policy=eyJleHBpcmF0aW9uIjogIjIwMjQtMDItMDVUMDY6Mjc6NDNaIiwgImNvbmRpdGlvbnMiOiBbeyJidWNrZXQiOiAiY3JhYmNhY2hlX3Byb2QifSwgeyJrZXkiOiAic2hhL3NhbmRib3hlcy81YmI0YjRhZDkyYWQxNTlhMTQyYjZkNmE3MDNjNTFjNmQ2YzRhZTQxNzRjYjg4NDQwNTM2MTU3ODcyNmIzMWYzLnRhci5neiJ9XX0=" -F "signature=p/HVJ7C9azgA14hMRqXTKQgzA/c=" -F "file=@/d0/scratch/sha/Analyses/SSB/MakeNtuples/Run2MiniAOD/v1p2/Develop/forGit/CMSSW_10_6_30/src/CMSAnalyses/SSBAnalyzer/Run2Crab_MC/TTbar_Powheg_DiLep/crab_20240205_142058/inputs/debugFiles.tgz" "https://s3.cern.ch/crabcache_prod"
DEBUG 2024-02-05 05:27:45.819 UTC: 	 exitcode: 0
stdout: 
DEBUG 2024-02-05 05:27:45.820 UTC: 	 sandbox /d0/scratch/sha/Analyses/SSB/MakeNtuples/Run2MiniAOD/v1p2/Develop/forGit/CMSSW_10_6_30/src/CMSAnalyses/SSBAnalyzer/Run2Crab_MC/TTbar_Powheg_DiLep/crab_20240205_142058/inputs/debugFiles.tgz successully uploaded to S3
DEBUG 2024-02-05 05:27:45.820 UTC: 	 Result uploading input files: c9bb3be304c587f41725f514d00f2853fea4a880c1ba8f67a21c171e4463a7a5.tar.gz 
DEBUG 2024-02-05 05:27:45.821 UTC: 	 submit() - self.configuration from WMCore.Configuration import Configuration
config = Configuration()
config.section_('General')
config.General.transferOutputs = True
config.section_('JobType')
config.JobType.psetName = '../../python/ssbanalyzer_2016_cfg.py'
config.JobType.pluginName = 'Analysis'
config.JobType.outputFiles = ['SSBTree.root']
config.JobType.maxMemoryMB = 5000
config.JobType.allowUndistributedCMSSW = True
config.section_('Data')
config.Data.inputDataset = '/TTTo2L2Nu_TuneCP5_13TeV-powheg-pythia8/RunIISummer20UL16MiniAODAPVv2-106X_mcRun2_asymptotic_preVFP_v11-v1/MINIAODSIM'
config.Data.unitsPerJob = 25000
config.Data.outLFNDirBase = '/store/user/sha/Run2FULL/2016PreVFP/MC/TTTo2L2Nu_TuneCP5_13TeV-powheg-pythia8'
config.Data.publication = False
config.Data.splitting = 'EventAwareLumiBased'
config.section_('Site')
config.Site.storageSite = 'T2_KR_KNU'
config.section_('User')
config.section_('Debug')

DEBUG 2024-02-05 05:27:45.821 UTC: 	 submit() - self.configreq {'maxjobruntime': 1250, 'extrajdl': [], 'lfn': '/store/user/sha/Run2FULL/2016PreVFP/MC/TTTo2L2Nu_TuneCP5_13TeV-powheg-pythia8', 'savelogsflag': 0, 'useparent': 0, 'inputblocks': [], 'asyncdest': 'T2_KR_KNU', 'algoargs': 25000, 'numcores': 1, 'addoutputfiles': ['SSBTree.root'], 'generator': 'pythia', 'maxmemory': 5000, 'partialdataset': 0, 'publishdbsurl': 'https://cmsweb.cern.ch/dbs/prod/phys03/DBSWriter', 'priority': 10, 'userfiles': [], 'primarydataset': '', 'inputdata': '/TTTo2L2Nu_TuneCP5_13TeV-powheg-pythia8/RunIISummer20UL16MiniAODAPVv2-106X_mcRun2_asymptotic_preVFP_v11-v1/MINIAODSIM', 'ignorelocality': 0, 'dryrun': 0, 'workflow': 'crab_20240205_142058', 'nonprodsw': 1, 'oneEventMode': 0, 'saveoutput': 1, 'publication': 0, 'totalunits': 0, 'splitalgo': 'EventAwareLumiBased', 'ignoreglobalblacklist': 0, 'nonvaliddata': 0, 'dbsurl': 'https://cmsweb.cern.ch/dbs/prod/global/DBSReader', 'jobtype': 'Analysis', 'requireaccelerator': 0, 'publishname2': ''}
DEBUG 2024-02-05 05:27:45.821 UTC: 	 submit() - jobconfig {'cachefilename': 'c9bb3be304c587f41725f514d00f2853fea4a880c1ba8f67a21c171e4463a7a5.tar.gz', 'jobarch': 'slc7_amd64_gcc700', 'addoutputfiles': [], 'cacheurl': u'https://cmsweb.cern.ch/S3/crabcache_prod', 'jobsw': 'CMSSW_10_6_30', 'tfileoutfiles': ['SSBTree.root'], 'debugfilename': '5bb4b4ad92ad159a142b6d6a703c51c6d6c4ae4174cb884405361578726b31f3.tar.gz', 'inputdata': '/TTTo2L2Nu_TuneCP5_13TeV-powheg-pythia8/RunIISummer20UL16MiniAODAPVv2-106X_mcRun2_asymptotic_preVFP_v11-v1/MINIAODSIM', 'jobtype': 'Analysis', 'edmoutfiles': []}
INFO 2024-02-05 05:27:45.821 UTC: 	 Sending the request to the server at cmsweb.cern.ch
DEBUG 2024-02-05 05:27:45.821 UTC: 	 Submitting {'maxjobruntime': 1250, 'extrajdl': [], 'lfn': '/store/user/sha/Run2FULL/2016PreVFP/MC/TTTo2L2Nu_TuneCP5_13TeV-powheg-pythia8', 'savelogsflag': 0, 'useparent': 0, 'inputblocks': [], 'asyncdest': 'T2_KR_KNU', 'algoargs': 25000, 'cachefilename': 'c9bb3be304c587f41725f514d00f2853fea4a880c1ba8f67a21c171e4463a7a5.tar.gz', 'numcores': 1, 'addoutputfiles': [], 'generator': 'pythia', 'maxmemory': 5000, 'partialdataset': 0, 'publishdbsurl': 'https://cmsweb.cern.ch/dbs/prod/phys03/DBSWriter', 'priority': 10, 'jobsw': 'CMSSW_10_6_30', 'edmoutfiles': [], 'userfiles': [], 'primarydataset': '', 'inputdata': '/TTTo2L2Nu_TuneCP5_13TeV-powheg-pythia8/RunIISummer20UL16MiniAODAPVv2-106X_mcRun2_asymptotic_preVFP_v11-v1/MINIAODSIM', 'ignorelocality': 0, 'dryrun': 0, 'workflow': 'crab_20240205_142058', 'cacheurl': u'https://cmsweb.cern.ch/S3/crabcache_prod', 'nonprodsw': 1, 'tfileoutfiles': ['SSBTree.root'], 'oneEventMode': 0, 'debugfilename': '5bb4b4ad92ad159a142b6d6a703c51c6d6c4ae4174cb884405361578726b31f3.tar.gz', 'saveoutput': 1, 'publication': 0, 'jobarch': 'slc7_amd64_gcc700', 'totalunits': 0, 'splitalgo': 'EventAwareLumiBased', 'ignoreglobalblacklist': 0, 'nonvaliddata': 0, 'dbsurl': 'https://cmsweb.cern.ch/dbs/prod/global/DBSReader', 'jobtype': 'Analysis', 'requireaccelerator': 0, 'publishname2': ''} 
DEBUG 2024-02-05 05:27:45.822 UTC: 	 Encoded data for curl request: maxjobruntime=1250&lfn=%2Fstore%2Fuser%2Fsha%2FRun2FULL%2F2016PreVFP%2FMC%2FTTTo2L2Nu_TuneCP5_13TeV-powheg-pythia8&savelogsflag=0&useparent=0&asyncdest=T2_KR_KNU&algoargs=25000&cachefilename=c9bb3be304c587f41725f514d00f2853fea4a880c1ba8f67a21c171e4463a7a5.tar.gz&numcores=1&generator=pythia&maxmemory=5000&partialdataset=0&publishdbsurl=https%3A%2F%2Fcmsweb.cern.ch%2Fdbs%2Fprod%2Fphys03%2FDBSWriter&priority=10&jobsw=CMSSW_10_6_30&primarydataset=&inputdata=%2FTTTo2L2Nu_TuneCP5_13TeV-powheg-pythia8%2FRunIISummer20UL16MiniAODAPVv2-106X_mcRun2_asymptotic_preVFP_v11-v1%2FMINIAODSIM&ignorelocality=0&dryrun=0&workflow=crab_20240205_142058&cacheurl=https%3A%2F%2Fcmsweb.cern.ch%2FS3%2Fcrabcache_prod&nonprodsw=1&oneEventMode=0&debugfilename=5bb4b4ad92ad159a142b6d6a703c51c6d6c4ae4174cb884405361578726b31f3.tar.gz&saveoutput=1&publication=0&jobarch=slc7_amd64_gcc700&totalunits=0&splitalgo=EventAwareLumiBased&ignoreglobalblacklist=0&nonvaliddata=0&dbsurl=https%3A%2F%2Fcmsweb.cern.ch%2Fdbs%2Fprod%2Fglobal%2FDBSReader&jobtype=Analysis&requireaccelerator=0&publishname2=&tfileoutfiles=SSBTree.root
DEBUG 2024-02-05 05:27:47.446 UTC: 	 Sleeping 16 seconds after HTTP error.
Error:
:  % Total    % Received % Xferd  Average Speed   Time    Time     Time  Current
                                 Dload  Upload   Total   Spent    Left  Speed
  0     0    0     0    0     0      0      0 --:--:-- --:--:-- --:--:--     0*   Trying 188.185.89.194...
* TCP_NODELAY set
* Connected to cmsweb.cern.ch (188.185.89.194) port 8443 (#0)
* ALPN, offering http/1.1
* Cipher selection: ALL:!EXPORT:!EXPORT40:!EXPORT56:!aNULL:!LOW:!RC4:@STRENGTH
* successfully set certificate verify locations:
  CAfile: /etc/pki/tls/certs/ca-bundle.crt
  CApath: /etc/grid-security/certificates/
* TLSv1.2 (OUT), TLS header, Certificate Status (22):
} [5 bytes data]
* TLSv1.2 (OUT), TLS handshake, Client hello (1):
} [512 bytes data]
* TLSv1.2 (IN), TLS handshake, Server hello (2):
{ [109 bytes data]
* TLSv1.2 (IN), TLS handshake, Certificate (11):
{ [6240 bytes data]
* TLSv1.2 (IN), TLS handshake, Server key exchange (12):
{ [333 bytes data]
* TLSv1.2 (IN), TLS handshake, Request CERT (13):
{ [14071 bytes data]
* TLSv1.2 (IN), TLS handshake, Server finished (14):
{ [4 bytes data]
* TLSv1.2 (OUT), TLS handshake, Certificate (11):
} [6739 bytes data]
* TLSv1.2 (OUT), TLS handshake, Client key exchange (16):
} [70 bytes data]
* TLSv1.2 (OUT), TLS handshake, CERT verify (15):
} [264 bytes data]
* TLSv1.2 (OUT), TLS change cipher, Client hello (1):
} [1 bytes data]
* TLSv1.2 (OUT), TLS handshake, Finished (20):
} [16 bytes data]
  0     0    0     0    0     0      0      0 --:--:-- --:--:-- --:--:--     0* TLSv1.2 (IN), TLS change cipher, Client hello (1):
{ [1 bytes data]
* TLSv1.2 (IN), TLS handshake, Finished (20):
{ [16 bytes data]
* SSL connection using TLSv1.2 / ECDHE-RSA-AES128-GCM-SHA256
* ALPN, server accepted to use http/1.1
* Server certificate:
*  subject: DC=ch; DC=cern; OU=computers; CN=cmsweb.cern.ch
*  start date: Feb 28 02:56:51 2023 GMT
*  expire date: Apr  3 02:56:51 2024 GMT
*  subjectAltName: host "cmsweb.cern.ch" matched cert's "cmsweb.cern.ch"
*  issuer: DC=ch; DC=cern; CN=CERN Grid Certification Authority
*  SSL certificate verify ok.
} [5 bytes data]
> PUT /crabserver/prod/workflow HTTP/1.1
> Host: cmsweb.cern.ch:8443
> User-Agent: CRABClient/v3.240110
> Accept: */*
> Content-Length: 1094
> Content-Type: application/x-www-form-urlencoded
> Expect: 100-continue
> 
{ [5 bytes data]
< HTTP/1.1 100 Continue
} [5 bytes data]
* We are completely uploaded and fine
{ [5 bytes data]
< HTTP/1.1 400 Bad Request
< Date: Mon, 05 Feb 2024 05:27:47 GMT
< Server: Apache
< Content-Type: text/html;charset=utf-8
< Content-Length: 733
< X-Rest-Status: 302
< X-Error-Http: 400
< X-Error-Id: ff315d7a16e0fbd9bb60298151f8be20
< X-Error-Detail: Invalid input parameter
< X-Error-Info: The parameter T2_KR_KNU is not in the list of known CMS Storage nodes.
< X-Rest-Time: 1593.590 us
< CMS-Server-Time: D=265869 t=1707110867043596
< Connection: close
< 
{ [5 bytes data]
100  1827  100   733  100  1094    460    686  0:00:01  0:00:01 --:--:--  1146
* Closing connection 0
} [5 bytes data]
* TLSv1.2 (OUT), TLS alert, Client hello (1):
} [2 bytes data]
<!DOCTYPE html PUBLIC
"-//W3C//DTD XHTML 1.0 Transitional//EN"
"http://www.w3.org/TR/xhtml1/DTD/xhtml1-transitional.dtd">
<html>
<head>
    <meta http-equiv="Content-Type" content="text/html; charset=utf-8"></meta>
    <title>400 Bad Request</title>
    <style type="text/css">
    #powered_by {
        margin-top: 20px;
        border-top: 2px solid black;
        font-style: italic;
    }

    #traceback {
        color: red;
    }
    </style>
</head>
    <body>
        <h2>400 Bad Request</h2>
        <p>Invalid input parameter</p>
        <pre id="traceback"></pre>
    <div id="powered_by">
      <span>
        Powered by <a href="http://www.cherrypy.dev">CherryPy 18.8.0</a>
      </span>
    </div>
    </body>
</html>

DEBUG 2024-02-05 05:27:49.369 UTC: 	 Sleeping 44 seconds after HTTP error.
Error:
:  % Total    % Received % Xferd  Average Speed   Time    Time     Time  Current
                                 Dload  Upload   Total   Spent    Left  Speed
  0     0    0     0    0     0      0      0 --:--:-- --:--:-- --:--:--     0*   Trying 188.185.89.194...
* TCP_NODELAY set
  0     0    0     0    0     0      0      0 --:--:-- --:--:-- --:--:--     0* Connected to cmsweb.cern.ch (188.185.89.194) port 8443 (#0)
* ALPN, offering http/1.1
* Cipher selection: ALL:!EXPORT:!EXPORT40:!EXPORT56:!aNULL:!LOW:!RC4:@STRENGTH
* successfully set certificate verify locations:
  CAfile: /etc/pki/tls/certs/ca-bundle.crt
  CApath: /etc/grid-security/certificates/
* TLSv1.2 (OUT), TLS header, Certificate Status (22):
} [5 bytes data]
* TLSv1.2 (OUT), TLS handshake, Client hello (1):
} [512 bytes data]
* TLSv1.2 (IN), TLS handshake, Server hello (2):
{ [109 bytes data]
* TLSv1.2 (IN), TLS handshake, Certificate (11):
{ [6240 bytes data]
* TLSv1.2 (IN), TLS handshake, Server key exchange (12):
{ [333 bytes data]
* TLSv1.2 (IN), TLS handshake, Request CERT (13):
{ [14071 bytes data]
* TLSv1.2 (IN), TLS handshake, Server finished (14):
{ [4 bytes data]
* TLSv1.2 (OUT), TLS handshake, Certificate (11):
} [6739 bytes data]
* TLSv1.2 (OUT), TLS handshake, Client key exchange (16):
} [70 bytes data]
* TLSv1.2 (OUT), TLS handshake, CERT verify (15):
} [264 bytes data]
* TLSv1.2 (OUT), TLS change cipher, Client hello (1):
} [1 bytes data]
* TLSv1.2 (OUT), TLS handshake, Finished (20):
} [16 bytes data]
* TLSv1.2 (IN), TLS change cipher, Client hello (1):
{ [1 bytes data]
* TLSv1.2 (IN), TLS handshake, Finished (20):
{ [16 bytes data]
* SSL connection using TLSv1.2 / ECDHE-RSA-AES128-GCM-SHA256
* ALPN, server accepted to use http/1.1
* Server certificate:
*  subject: DC=ch; DC=cern; OU=computers; CN=cmsweb.cern.ch
*  start date: Feb 28 02:56:51 2023 GMT
*  expire date: Apr  3 02:56:51 2024 GMT
*  subjectAltName: host "cmsweb.cern.ch" matched cert's "cmsweb.cern.ch"
*  issuer: DC=ch; DC=cern; CN=CERN Grid Certification Authority
*  SSL certificate verify ok.
  0     0    0     0    0     0      0      0 --:--:--  0:00:01 --:--:--     0} [5 bytes data]
> PUT /crabserver/prod/workflow HTTP/1.1
> Host: cmsweb.cern.ch:8443
> User-Agent: CRABClient/v3.240110
> Accept: */*
> Content-Length: 1094
> Content-Type: application/x-www-form-urlencoded
> Expect: 100-continue
> 
{ [5 bytes data]
< HTTP/1.1 100 Continue
} [5 bytes data]
* We are completely uploaded and fine
{ [5 bytes data]
< HTTP/1.1 400 Bad Request
< Date: Mon, 05 Feb 2024 05:27:49 GMT
< Server: Apache
< Content-Type: text/html;charset=utf-8
< Content-Length: 733
< X-Rest-Status: 302
< X-Error-Http: 400
< X-Error-Id: 9582331ece7013545f58710c86b0f7ff
< X-Error-Detail: Invalid input parameter
< X-Error-Info: The parameter T2_KR_KNU is not in the list of known CMS Storage nodes.
< X-Rest-Time: 298389.912 us
< CMS-Server-Time: D=564433 t=1707110868669794
< Connection: close
< 
{ [5 bytes data]
100  1827  100   733  100  1094    388    580  0:00:01  0:00:01 --:--:--   968
* Closing connection 0
} [5 bytes data]
* TLSv1.2 (OUT), TLS alert, Client hello (1):
} [2 bytes data]
<!DOCTYPE html PUBLIC
"-//W3C//DTD XHTML 1.0 Transitional//EN"
"http://www.w3.org/TR/xhtml1/DTD/xhtml1-transitional.dtd">
<html>
<head>
    <meta http-equiv="Content-Type" content="text/html; charset=utf-8"></meta>
    <title>400 Bad Request</title>
    <style type="text/css">
    #powered_by {
        margin-top: 20px;
        border-top: 2px solid black;
        font-style: italic;
    }

    #traceback {
        color: red;
    }
    </style>
</head>
    <body>
        <h2>400 Bad Request</h2>
        <p>Invalid input parameter</p>
        <pre id="traceback"></pre>
    <div id="powered_by">
      <span>
        Powered by <a href="http://www.cherrypy.dev">CherryPy 18.8.0</a>
      </span>
    </div>
    </body>
</html>

INFO 2024-02-05 05:27:50.996 UTC: 	 Fatal error trying to connect to https://cmsweb.cern.ch:8443/crabserver/prod/workflow using maxjobruntime=1250&lfn=%2Fstore%2Fuser%2Fsha%2FRun2FULL%2F2016PreVFP%2FMC%2FTTTo2L2Nu_TuneCP5_13TeV-powheg-pythia8&savelogsflag=0&useparent=0&asyncdest=T2_KR_KNU&algoargs=25000&cachefilename=c9bb3be304c587f41725f514d00f2853fea4a880c1ba8f67a21c171e4463a7a5.tar.gz&numcores=1&generator=pythia&maxmemory=5000&partialdataset=0&publishdbsurl=https%3A%2F%2Fcmsweb.cern.ch%2Fdbs%2Fprod%2Fphys03%2FDBSWriter&priority=10&jobsw=CMSSW_10_6_30&primarydataset=&inputdata=%2FTTTo2L2Nu_TuneCP5_13TeV-powheg-pythia8%2FRunIISummer20UL16MiniAODAPVv2-106X_mcRun2_asymptotic_preVFP_v11-v1%2FMINIAODSIM&ignorelocality=0&dryrun=0&workflow=crab_20240205_142058&cacheurl=https%3A%2F%2Fcmsweb.cern.ch%2FS3%2Fcrabcache_prod&nonprodsw=1&oneEventMode=0&debugfilename=5bb4b4ad92ad159a142b6d6a703c51c6d6c4ae4174cb884405361578726b31f3.tar.gz&saveoutput=1&publication=0&jobarch=slc7_amd64_gcc700&totalunits=0&splitalgo=EventAwareLumiBased&ignoreglobalblacklist=0&nonvaliddata=0&dbsurl=https%3A%2F%2Fcmsweb.cern.ch%2Fdbs%2Fprod%2Fglobal%2FDBSReader&jobtype=Analysis&requireaccelerator=0&publishname2=&tfileoutfiles=SSBTree.root.
exit code from curl = 0
HTTP code/reason = 400/Bad Request .  stdout:
<!DOCTYPE html PUBLIC
"-//W3C//DTD XHTML 1.0 Transitional//EN"
"http://www.w3.org/TR/xhtml1/DTD/xhtml1-transitional.dtd">
<html>
<head>
    <meta http-equiv="Content-Type" content="text/html; charset=utf-8"></meta>
    <title>400 Bad Request</title>
    <style type="text/css">
    #powered_by {
        margin-top: 20px;
        border-top: 2px solid black;
        font-style: italic;
    }

    #traceback {
        color: red;
    }
    </style>
</head>
    <body>
        <h2>400 Bad Request</h2>
        <p>Invalid input parameter</p>
        <pre id="traceback"></pre>
    <div id="powered_by">
      <span>
        Powered by <a href="http://www.cherrypy.dev">CherryPy 18.8.0</a>
      </span>
    </div>
    </body>
</html>

INFO 2024-02-05 05:27:50.997 UTC: 	 The server answered with an error.
DEBUG 2024-02-05 05:27:50.997 UTC: 	 
INFO 2024-02-05 05:27:50.998 UTC: 	 Server answered with: Invalid input parameter
INFO 2024-02-05 05:27:50.999 UTC: 	 Reason is: The parameter T2_KR_KNU is not in the list of known CMS Storage nodes.
INFO 2024-02-05 05:27:50.999 UTC: 	 Error Id: 0970b1160581b9b2bbf02c37dd3f789e
ERROR 2024-02-05 05:27:50.999 UTC: 	 Caught RESTInterfaceException exception
Traceback (most recent call last):
  File "/cvmfs/cms.cern.ch/share/cms/crab-prod/v3.240110.01/bin/crab.py", line 152, in <module>
    client()
  File "/cvmfs/cms.cern.ch/share/cms/crab-prod/v3.240110.01/bin/crab.py", line 137, in __call__
    returnDict = self.cmd()
  File "/cvmfs/cms.cern.ch/share/cms/crab-prod/v3.240110.01/lib/CRABClient/Commands/submit.py", line 137, in __call__
    dictresult, status, reason = server.put(api=self.defaultApi, data=self.configreq_encoded)
  File "/cvmfs/cms.cern.ch/share/cms/crab-prod/v3.240110.01/lib/CRABClient/RestInterfaces.py", line 287, in put
    return self.server.put(uri, data)
  File "/cvmfs/cms.cern.ch/share/cms/crab-prod/v3.240110.01/lib/CRABClient/RestInterfaces.py", line 133, in put
    return self.makeRequest(uri=uri, data=data, verb='PUT')
  File "/cvmfs/cms.cern.ch/share/cms/crab-prod/v3.240110.01/lib/CRABClient/RestInterfaces.py", line 225, in makeRequest
    raise RESTInterfaceException(stderr)
RESTInterfaceException:   % Total    % Received % Xferd  Average Speed   Time    Time     Time  Current
                                 Dload  Upload   Total   Spent    Left  Speed
  0     0    0     0    0     0      0      0 --:--:-- --:--:-- --:--:--     0*   Trying 188.185.89.194...
* TCP_NODELAY set
  0     0    0     0    0     0      0      0 --:--:-- --:--:-- --:--:--     0* Connected to cmsweb.cern.ch (188.185.89.194) port 8443 (#0)
* ALPN, offering http/1.1
* Cipher selection: ALL:!EXPORT:!EXPORT40:!EXPORT56:!aNULL:!LOW:!RC4:@STRENGTH
* successfully set certificate verify locations:
  CAfile: /etc/pki/tls/certs/ca-bundle.crt
  CApath: /etc/grid-security/certificates/
* TLSv1.2 (OUT), TLS header, Certificate Status (22):
} [5 bytes data]
* TLSv1.2 (OUT), TLS handshake, Client hello (1):
} [512 bytes data]
* TLSv1.2 (IN), TLS handshake, Server hello (2):
{ [109 bytes data]
* TLSv1.2 (IN), TLS handshake, Certificate (11):
{ [6240 bytes data]
* TLSv1.2 (IN), TLS handshake, Server key exchange (12):
{ [333 bytes data]
* TLSv1.2 (IN), TLS handshake, Request CERT (13):
{ [14071 bytes data]
* TLSv1.2 (IN), TLS handshake, Server finished (14):
{ [4 bytes data]
* TLSv1.2 (OUT), TLS handshake, Certificate (11):
} [6739 bytes data]
* TLSv1.2 (OUT), TLS handshake, Client key exchange (16):
} [70 bytes data]
* TLSv1.2 (OUT), TLS handshake, CERT verify (15):
} [264 bytes data]
* TLSv1.2 (OUT), TLS change cipher, Client hello (1):
} [1 bytes data]
* TLSv1.2 (OUT), TLS handshake, Finished (20):
} [16 bytes data]
* TLSv1.2 (IN), TLS change cipher, Client hello (1):
{ [1 bytes data]
* TLSv1.2 (IN), TLS handshake, Finished (20):
{ [16 bytes data]
* SSL connection using TLSv1.2 / ECDHE-RSA-AES128-GCM-SHA256
* ALPN, server accepted to use http/1.1
* Server certificate:
*  subject: DC=ch; DC=cern; OU=computers; CN=cmsweb.cern.ch
*  start date: Feb 28 02:56:51 2023 GMT
*  expire date: Apr  3 02:56:51 2024 GMT
*  subjectAltName: host "cmsweb.cern.ch" matched cert's "cmsweb.cern.ch"
*  issuer: DC=ch; DC=cern; CN=CERN Grid Certification Authority
*  SSL certificate verify ok.
} [5 bytes data]
> PUT /crabserver/prod/workflow HTTP/1.1
> Host: cmsweb.cern.ch:8443
> User-Agent: CRABClient/v3.240110
> Accept: */*
> Content-Length: 1094
> Content-Type: application/x-www-form-urlencoded
> Expect: 100-continue
> 
{ [5 bytes data]
< HTTP/1.1 100 Continue
  0  1094    0     0    0     0      0      0 --:--:--  0:00:01 --:--:--     0} [5 bytes data]
* We are completely uploaded and fine
{ [5 bytes data]
< HTTP/1.1 400 Bad Request
< Date: Mon, 05 Feb 2024 05:27:50 GMT
< Server: Apache
< Content-Type: text/html;charset=utf-8
< Content-Length: 733
< X-Rest-Status: 302
< X-Error-Http: 400
< X-Error-Id: 0970b1160581b9b2bbf02c37dd3f789e
< X-Error-Detail: Invalid input parameter
< X-Error-Info: The parameter T2_KR_KNU is not in the list of known CMS Storage nodes.
< X-Rest-Time: 1403.093 us
< CMS-Server-Time: D=263893 t=1707110870594037
< Connection: close
< 
{ [5 bytes data]
100  1827  100   733  100  1094    461    689  0:00:01  0:00:01 --:--:--  1150
* Closing connection 0
} [5 bytes data]
* TLSv1.2 (OUT), TLS alert, Client hello (1):
} [2 bytes data]
<!DOCTYPE html PUBLIC
"-//W3C//DTD XHTML 1.0 Transitional//EN"
"http://www.w3.org/TR/xhtml1/DTD/xhtml1-transitional.dtd">
<html>
<head>
    <meta http-equiv="Content-Type" content="text/html; charset=utf-8"></meta>
    <title>400 Bad Request</title>
    <style type="text/css">
    #powered_by {
        margin-top: 20px;
        border-top: 2px solid black;
        font-style: italic;
    }

    #traceback {
        color: red;
    }
    </style>
</head>
    <body>
        <h2>400 Bad Request</h2>
        <p>Invalid input parameter</p>
        <pre id="traceback"></pre>
    <div id="powered_by">
      <span>
        Powered by <a href="http://www.cherrypy.dev">CherryPy 18.8.0</a>
      </span>
    </div>
    </body>
</html>

